  Question4.cpp
s:\kpu\4-1\api\warmminguplast\warmminguplast\question4.cpp(40): warning C4018: '<': signed/unsigned mismatch
s:\kpu\4-1\api\warmminguplast\warmminguplast\question4.cpp(42): warning C4018: '<': signed/unsigned mismatch
s:\kpu\4-1\api\warmminguplast\warmminguplast\question4.cpp(51): warning C4018: '<': signed/unsigned mismatch
s:\kpu\4-1\api\warmminguplast\warmminguplast\question4.cpp(52): warning C4018: '<': signed/unsigned mismatch
s:\kpu\4-1\api\warmminguplast\warmminguplast\question4.cpp(62): warning C4018: '<': signed/unsigned mismatch
s:\kpu\4-1\api\warmminguplast\warmminguplast\question4.cpp(63): warning C4018: '<': signed/unsigned mismatch
  MainSelect.cpp
s:\kpu\4-1\api\warmminguplast\warmminguplast\mainselect.cpp(51): warning C4018: '<': signed/unsigned mismatch
s:\kpu\4-1\api\warmminguplast\warmminguplast\mainselect.cpp(58): warning C4018: '<': signed/unsigned mismatch
s:\kpu\4-1\api\warmminguplast\warmminguplast\mainselect.cpp(59): warning C4018: '<': signed/unsigned mismatch
s:\kpu\4-1\api\warmminguplast\warmminguplast\mainselect.cpp(72): warning C4018: '<': signed/unsigned mismatch
s:\kpu\4-1\api\warmminguplast\warmminguplast\mainselect.cpp(73): warning C4018: '<': signed/unsigned mismatch
s:\kpu\4-1\api\warmminguplast\warmminguplast\mainselect.cpp(81): warning C4018: '<': signed/unsigned mismatch
s:\kpu\4-1\api\warmminguplast\warmminguplast\mainselect.cpp(82): warning C4018: '<': signed/unsigned mismatch
s:\kpu\4-1\api\warmminguplast\warmminguplast\mainselect.cpp(92): warning C4018: '<': signed/unsigned mismatch
s:\kpu\4-1\api\warmminguplast\warmminguplast\mainselect.cpp(93): warning C4018: '<': signed/unsigned mismatch
  Generating Code...
  Skipping... (no relevant changes detected)
  main.cpp
  WarmmingUPLast.vcxproj -> S:\KPU\4-1\API\WarmmingUPLast\Debug\WarmmingUPLast.exe
  WarmmingUPLast.vcxproj -> S:\KPU\4-1\API\WarmmingUPLast\Debug\WarmmingUPLast.pdb (Full PDB)
